19:38:24.982 INFO [main] org.lenskit.cli.Main: Starting LensKit 3.0-M1 on Java 1.8.0_102 from Oracle Corporation
19:38:25.019 DEBUG [main] org.lenskit.LenskitInfo: have 5573 active revisions
19:38:25.030 DEBUG [main] org.lenskit.cli.Main: Built from Git revision c0210fa3281ef8b15b0959bcd5fced43c5fec38a
19:38:25.030 DEBUG [main] org.lenskit.cli.Main: Using VM 'Java HotSpot(TM) 64-Bit Server VM' version 25.102-b14 from Oracle Corporation
19:38:25.030 INFO [main] org.lenskit.cli.Main: Have 4 processors and heap limit of 1694 MiB
19:38:25.054 INFO [main] org.lenskit.cli.util.RecommenderLoader: creating fresh recommender
19:38:25.459 INFO [main] org.lenskit.config.ConfigurationLoader: loading script from file:/D:/recommender/Recommender-Systems---Coursera/Course1/Week4-Content-Based-Filtering-Programming/cbf-assignment/etc/weighted.groovy
19:38:26.128 DEBUG [main] org.lenskit.data.dao.file.TextEntitySource: loading source ratings with base URI file:/D:/recommender/Recommender-Systems---Coursera/Course1/Week4-Content-Based-Filtering-Programming/cbf-assignment/data/movielens.yml
19:38:26.129 DEBUG [main] org.lenskit.data.dao.file.TextEntitySource: resolved file URI: file:/D:/recommender/Recommender-Systems---Coursera/Course1/Week4-Content-Based-Filtering-Programming/cbf-assignment/data/ratings.csv
19:38:26.143 INFO [main] org.lenskit.data.dao.file.TextEntitySource: loading text file source ratings to read from file:/D:/recommender/Recommender-Systems---Coursera/Course1/Week4-Content-Based-Filtering-Programming/cbf-assignment/data/ratings.csv
19:38:26.151 DEBUG [main] org.lenskit.data.dao.file.TextEntitySource: ratings: using delimiter ,
19:38:26.151 DEBUG [main] org.lenskit.data.dao.file.TextEntitySource: ratings: reading header
19:38:26.151 DEBUG [main] org.lenskit.data.dao.file.TextEntitySource: ratings: reading entities of type EntityType[rating]
19:38:26.211 DEBUG [main] org.lenskit.data.dao.file.TextEntitySource: class org.lenskit.data.ratings.RatingBuilder: using entity builder {}
19:38:26.211 DEBUG [main] org.lenskit.data.dao.file.TextEntitySource: loading source movies with base URI file:/D:/recommender/Recommender-Systems---Coursera/Course1/Week4-Content-Based-Filtering-Programming/cbf-assignment/data/movielens.yml
19:38:26.211 DEBUG [main] org.lenskit.data.dao.file.TextEntitySource: resolved file URI: file:/D:/recommender/Recommender-Systems---Coursera/Course1/Week4-Content-Based-Filtering-Programming/cbf-assignment/data/movies.csv
19:38:26.211 INFO [main] org.lenskit.data.dao.file.TextEntitySource: loading text file source movies to read from file:/D:/recommender/Recommender-Systems---Coursera/Course1/Week4-Content-Based-Filtering-Programming/cbf-assignment/data/movies.csv
19:38:26.212 DEBUG [main] org.lenskit.data.dao.file.TextEntitySource: movies: using delimiter ,
19:38:26.212 DEBUG [main] org.lenskit.data.dao.file.TextEntitySource: movies: reading header
19:38:26.212 DEBUG [main] org.lenskit.data.dao.file.TextEntitySource: movies: reading entities of type EntityType[item]
19:38:26.212 DEBUG [main] org.lenskit.data.dao.file.TextEntitySource: class org.lenskit.data.entities.BasicEntityBuilder: using entity builder {}
19:38:26.212 DEBUG [main] org.lenskit.data.dao.file.TextEntitySource: loading source tags with base URI file:/D:/recommender/Recommender-Systems---Coursera/Course1/Week4-Content-Based-Filtering-Programming/cbf-assignment/data/movielens.yml
19:38:26.212 DEBUG [main] org.lenskit.data.dao.file.TextEntitySource: resolved file URI: file:/D:/recommender/Recommender-Systems---Coursera/Course1/Week4-Content-Based-Filtering-Programming/cbf-assignment/data/tags.csv
19:38:26.212 INFO [main] org.lenskit.data.dao.file.TextEntitySource: loading text file source tags to read from file:/D:/recommender/Recommender-Systems---Coursera/Course1/Week4-Content-Based-Filtering-Programming/cbf-assignment/data/tags.csv
19:38:26.213 DEBUG [main] org.lenskit.data.dao.file.TextEntitySource: tags: using delimiter ,
19:38:26.213 DEBUG [main] org.lenskit.data.dao.file.TextEntitySource: tags: reading header
19:38:26.213 DEBUG [main] org.lenskit.data.dao.file.TextEntitySource: tags: reading entities of type EntityType[item-tag]
19:38:26.217 DEBUG [main] org.lenskit.data.dao.file.TextEntitySource: class org.lenskit.data.entities.BasicEntityBuilder: using entity builder {}
19:38:26.228 DEBUG [main] org.lenskit.LenskitRecommenderEngineBuilder: building graph from 3 configurations
19:38:26.325 DEBUG [main] org.lenskit.inject.RecommenderInstantiator: replacing nodes in graph with 14 nodes
19:38:26.333 DEBUG [main] org.lenskit.inject.RecommenderInstantiator: found 4 shared nodes
19:38:27.665 INFO [main] org.lenskit.data.dao.file.StaticDataSource: deriving entity type EntityType[user] from EntityType[rating] (column TypedName[user: long])
19:38:27.797 INFO [main] org.lenskit.data.dao.file.StaticDataSource: deriving entity type EntityType[item] from EntityType[rating] (column TypedName[item: long])
19:38:27.829 INFO [main] org.lenskit.data.dao.file.StaticDataSource: deriving entity type EntityType[user] from EntityType[item-tag] (column TypedName[user: long])
19:38:27.874 INFO [main] org.lenskit.data.dao.file.StaticDataSource: deriving entity type EntityType[item] from EntityType[item-tag] (column TypedName[item: long])
19:38:27.902 DEBUG [main] org.lenskit.data.entities.EntityCollectionBuilder: built collection of 2500 entities with type EntityType[item] and 2 indexes
19:38:27.933 DEBUG [main] org.lenskit.data.entities.EntityCollectionBuilder: built collection of 264505 entities with type EntityType[rating] and 2 indexes
19:38:27.951 DEBUG [main] org.lenskit.data.entities.EntityCollectionBuilder: built collection of 94875 entities with type EntityType[item-tag] and 2 indexes
19:38:27.951 DEBUG [main] org.lenskit.data.entities.EntityCollectionBuilder: built collection of 862 entities with type EntityType[user] and 2 indexes
19:38:27.958 INFO [main] org.lenskit.mooc.cbf.TFIDFModelProvider: Building TF-IDF model
19:38:28.655 INFO [main] org.lenskit.mooc.cbf.TFIDFModelProvider: Computed TF vectors for 2500 items
19:38:28.728 DEBUG [main] org.lenskit.inject.RecommenderInstantiator: final graph has 14 nodes
19:38:28.731 INFO [main] org.lenskit.cli.util.RecommenderLoader: built recommender in 2.503 s
19:38:28.746 INFO [main] org.lenskit.cli.commands.Recommend: recommending for 1 users
19:38:28.764 DEBUG [main] org.lenskit.basic.TopNItemRecommender: computing effective candidates for user 320 from 2500 candidates and 62 excluded items
19:38:28.769 DEBUG [main] org.lenskit.basic.TopNItemRecommender: Computing 10 recommendations for user 320 from 2438 candidates
19:38:29.353 INFO [main] org.lenskit.cli.commands.Recommend: recommended for 1 users in 606.3 ms
19:38:29.354 INFO [main] org.lenskit.cli.Main: If you use LensKit in published research, please see http://lenskit.org/research/
