23:46:12.269 INFO [main] org.lenskit.cli.Main: Starting LensKit 3.0-M1 on Java 1.8.0_102 from Oracle Corporation
23:46:12.325 DEBUG [main] org.lenskit.LenskitInfo: have 5573 active revisions
23:46:12.334 DEBUG [main] org.lenskit.cli.Main: Built from Git revision c0210fa3281ef8b15b0959bcd5fced43c5fec38a
23:46:12.334 DEBUG [main] org.lenskit.cli.Main: Using VM 'Java HotSpot(TM) 64-Bit Server VM' version 25.102-b14 from Oracle Corporation
23:46:12.334 INFO [main] org.lenskit.cli.Main: Have 4 processors and heap limit of 1694 MiB
23:46:12.376 INFO [main] org.lenskit.cli.util.RecommenderLoader: creating fresh recommender
23:46:13.359 INFO [main] org.lenskit.config.ConfigurationLoader: loading script from file:/D:/recommender/Recommender-Systems---Coursera/Course2/Week4-Item-Item-CF-Programming/ii-assignment/etc/item-item.groovy
23:46:14.689 DEBUG [main] org.lenskit.data.dao.file.TextEntitySource: loading source ratings with base URI file:/D:/recommender/Recommender-Systems---Coursera/Course2/Week4-Item-Item-CF-Programming/ii-assignment/data/movielens.yml
23:46:14.689 DEBUG [main] org.lenskit.data.dao.file.TextEntitySource: resolved file URI: file:/D:/recommender/Recommender-Systems---Coursera/Course2/Week4-Item-Item-CF-Programming/ii-assignment/data/ratings.csv
23:46:14.708 INFO [main] org.lenskit.data.dao.file.TextEntitySource: loading text file source ratings to read from file:/D:/recommender/Recommender-Systems---Coursera/Course2/Week4-Item-Item-CF-Programming/ii-assignment/data/ratings.csv
23:46:14.718 DEBUG [main] org.lenskit.data.dao.file.TextEntitySource: ratings: using delimiter ,
23:46:14.718 DEBUG [main] org.lenskit.data.dao.file.TextEntitySource: ratings: reading header
23:46:14.719 DEBUG [main] org.lenskit.data.dao.file.TextEntitySource: ratings: reading entities of type EntityType[rating]
23:46:14.781 DEBUG [main] org.lenskit.data.dao.file.TextEntitySource: class org.lenskit.data.ratings.RatingBuilder: using entity builder {}
23:46:14.781 DEBUG [main] org.lenskit.data.dao.file.TextEntitySource: loading source movies with base URI file:/D:/recommender/Recommender-Systems---Coursera/Course2/Week4-Item-Item-CF-Programming/ii-assignment/data/movielens.yml
23:46:14.781 DEBUG [main] org.lenskit.data.dao.file.TextEntitySource: resolved file URI: file:/D:/recommender/Recommender-Systems---Coursera/Course2/Week4-Item-Item-CF-Programming/ii-assignment/data/movies.csv
23:46:14.781 INFO [main] org.lenskit.data.dao.file.TextEntitySource: loading text file source movies to read from file:/D:/recommender/Recommender-Systems---Coursera/Course2/Week4-Item-Item-CF-Programming/ii-assignment/data/movies.csv
23:46:14.781 DEBUG [main] org.lenskit.data.dao.file.TextEntitySource: movies: using delimiter ,
23:46:14.782 DEBUG [main] org.lenskit.data.dao.file.TextEntitySource: movies: reading header
23:46:14.782 DEBUG [main] org.lenskit.data.dao.file.TextEntitySource: movies: reading entities of type EntityType[item]
23:46:14.782 DEBUG [main] org.lenskit.data.dao.file.TextEntitySource: class org.lenskit.data.entities.BasicEntityBuilder: using entity builder {}
23:46:14.782 DEBUG [main] org.lenskit.data.dao.file.TextEntitySource: loading source tags with base URI file:/D:/recommender/Recommender-Systems---Coursera/Course2/Week4-Item-Item-CF-Programming/ii-assignment/data/movielens.yml
23:46:14.783 DEBUG [main] org.lenskit.data.dao.file.TextEntitySource: resolved file URI: file:/D:/recommender/Recommender-Systems---Coursera/Course2/Week4-Item-Item-CF-Programming/ii-assignment/data/tags.csv
23:46:14.783 INFO [main] org.lenskit.data.dao.file.TextEntitySource: loading text file source tags to read from file:/D:/recommender/Recommender-Systems---Coursera/Course2/Week4-Item-Item-CF-Programming/ii-assignment/data/tags.csv
23:46:14.783 DEBUG [main] org.lenskit.data.dao.file.TextEntitySource: tags: using delimiter ,
23:46:14.783 DEBUG [main] org.lenskit.data.dao.file.TextEntitySource: tags: reading header
23:46:14.783 DEBUG [main] org.lenskit.data.dao.file.TextEntitySource: tags: reading entities of type EntityType[item-tag]
23:46:14.784 DEBUG [main] org.lenskit.data.dao.file.TextEntitySource: class org.lenskit.data.entities.BasicEntityBuilder: using entity builder {}
23:46:14.793 DEBUG [main] org.lenskit.LenskitRecommenderEngineBuilder: building graph from 3 configurations
23:46:14.954 DEBUG [main] org.lenskit.inject.RecommenderInstantiator: replacing nodes in graph with 13 nodes
23:46:14.962 DEBUG [main] org.lenskit.inject.RecommenderInstantiator: found 2 shared nodes
23:46:16.562 INFO [main] org.lenskit.data.dao.file.StaticDataSource: deriving entity type EntityType[user] from EntityType[rating] (column TypedName[user: long])
23:46:16.671 INFO [main] org.lenskit.data.dao.file.StaticDataSource: deriving entity type EntityType[item] from EntityType[rating] (column TypedName[item: long])
23:46:16.718 DEBUG [main] org.lenskit.data.entities.EntityCollectionBuilder: built collection of 2500 entities with type EntityType[item] and 2 indexes
23:46:16.749 DEBUG [main] org.lenskit.data.entities.EntityCollectionBuilder: built collection of 264505 entities with type EntityType[rating] and 2 indexes
23:46:16.780 DEBUG [main] org.lenskit.data.entities.EntityCollectionBuilder: built collection of 94875 entities with type EntityType[item-tag] and 2 indexes
23:46:16.781 DEBUG [main] org.lenskit.data.entities.EntityCollectionBuilder: built collection of 862 entities with type EntityType[user] and 2 indexes
23:46:55.764 DEBUG [main] org.lenskit.inject.RecommenderInstantiator: final graph has 13 nodes
23:46:55.768 INFO [main] org.lenskit.cli.util.RecommenderLoader: built recommender in 40.97 s
23:46:55.842 INFO [main] org.lenskit.cli.commands.GlobalRecommend: using 4 reference items: [260, 153, 527, 588]
23:46:55.904 INFO [main] org.lenskit.cli.commands.GlobalRecommend: recommended in 61.25 ms
23:46:55.912 INFO [main] org.lenskit.cli.Main: If you use LensKit in published research, please see http://lenskit.org/research/
