23:47:01.954 INFO [main] org.lenskit.cli.Main: Starting LensKit 3.0-M1 on Java 1.8.0_102 from Oracle Corporation
23:47:01.992 DEBUG [main] org.lenskit.LenskitInfo: have 5573 active revisions
23:47:02.001 DEBUG [main] org.lenskit.cli.Main: Built from Git revision c0210fa3281ef8b15b0959bcd5fced43c5fec38a
23:47:02.001 DEBUG [main] org.lenskit.cli.Main: Using VM 'Java HotSpot(TM) 64-Bit Server VM' version 25.102-b14 from Oracle Corporation
23:47:02.002 INFO [main] org.lenskit.cli.Main: Have 4 processors and heap limit of 1694 MiB
23:47:02.030 INFO [main] org.lenskit.cli.util.RecommenderLoader: creating fresh recommender
23:47:02.412 INFO [main] org.lenskit.config.ConfigurationLoader: loading script from file:/D:/recommender/Recommender-Systems---Coursera/Course2/Week4-Item-Item-CF-Programming/ii-assignment/etc/item-item.groovy
23:47:03.099 DEBUG [main] org.lenskit.data.dao.file.TextEntitySource: loading source ratings with base URI file:/D:/recommender/Recommender-Systems---Coursera/Course2/Week4-Item-Item-CF-Programming/ii-assignment/data/movielens.yml
23:47:03.099 DEBUG [main] org.lenskit.data.dao.file.TextEntitySource: resolved file URI: file:/D:/recommender/Recommender-Systems---Coursera/Course2/Week4-Item-Item-CF-Programming/ii-assignment/data/ratings.csv
23:47:03.114 INFO [main] org.lenskit.data.dao.file.TextEntitySource: loading text file source ratings to read from file:/D:/recommender/Recommender-Systems---Coursera/Course2/Week4-Item-Item-CF-Programming/ii-assignment/data/ratings.csv
23:47:03.122 DEBUG [main] org.lenskit.data.dao.file.TextEntitySource: ratings: using delimiter ,
23:47:03.122 DEBUG [main] org.lenskit.data.dao.file.TextEntitySource: ratings: reading header
23:47:03.122 DEBUG [main] org.lenskit.data.dao.file.TextEntitySource: ratings: reading entities of type EntityType[rating]
23:47:03.181 DEBUG [main] org.lenskit.data.dao.file.TextEntitySource: class org.lenskit.data.ratings.RatingBuilder: using entity builder {}
23:47:03.181 DEBUG [main] org.lenskit.data.dao.file.TextEntitySource: loading source movies with base URI file:/D:/recommender/Recommender-Systems---Coursera/Course2/Week4-Item-Item-CF-Programming/ii-assignment/data/movielens.yml
23:47:03.181 DEBUG [main] org.lenskit.data.dao.file.TextEntitySource: resolved file URI: file:/D:/recommender/Recommender-Systems---Coursera/Course2/Week4-Item-Item-CF-Programming/ii-assignment/data/movies.csv
23:47:03.181 INFO [main] org.lenskit.data.dao.file.TextEntitySource: loading text file source movies to read from file:/D:/recommender/Recommender-Systems---Coursera/Course2/Week4-Item-Item-CF-Programming/ii-assignment/data/movies.csv
23:47:03.182 DEBUG [main] org.lenskit.data.dao.file.TextEntitySource: movies: using delimiter ,
23:47:03.182 DEBUG [main] org.lenskit.data.dao.file.TextEntitySource: movies: reading header
23:47:03.182 DEBUG [main] org.lenskit.data.dao.file.TextEntitySource: movies: reading entities of type EntityType[item]
23:47:03.182 DEBUG [main] org.lenskit.data.dao.file.TextEntitySource: class org.lenskit.data.entities.BasicEntityBuilder: using entity builder {}
23:47:03.182 DEBUG [main] org.lenskit.data.dao.file.TextEntitySource: loading source tags with base URI file:/D:/recommender/Recommender-Systems---Coursera/Course2/Week4-Item-Item-CF-Programming/ii-assignment/data/movielens.yml
23:47:03.182 DEBUG [main] org.lenskit.data.dao.file.TextEntitySource: resolved file URI: file:/D:/recommender/Recommender-Systems---Coursera/Course2/Week4-Item-Item-CF-Programming/ii-assignment/data/tags.csv
23:47:03.182 INFO [main] org.lenskit.data.dao.file.TextEntitySource: loading text file source tags to read from file:/D:/recommender/Recommender-Systems---Coursera/Course2/Week4-Item-Item-CF-Programming/ii-assignment/data/tags.csv
23:47:03.183 DEBUG [main] org.lenskit.data.dao.file.TextEntitySource: tags: using delimiter ,
23:47:03.184 DEBUG [main] org.lenskit.data.dao.file.TextEntitySource: tags: reading header
23:47:03.184 DEBUG [main] org.lenskit.data.dao.file.TextEntitySource: tags: reading entities of type EntityType[item-tag]
23:47:03.184 DEBUG [main] org.lenskit.data.dao.file.TextEntitySource: class org.lenskit.data.entities.BasicEntityBuilder: using entity builder {}
23:47:03.192 DEBUG [main] org.lenskit.LenskitRecommenderEngineBuilder: building graph from 3 configurations
23:47:03.289 DEBUG [main] org.lenskit.inject.RecommenderInstantiator: replacing nodes in graph with 13 nodes
23:47:03.299 DEBUG [main] org.lenskit.inject.RecommenderInstantiator: found 2 shared nodes
23:47:04.998 INFO [main] org.lenskit.data.dao.file.StaticDataSource: deriving entity type EntityType[user] from EntityType[rating] (column TypedName[user: long])
23:47:05.137 INFO [main] org.lenskit.data.dao.file.StaticDataSource: deriving entity type EntityType[item] from EntityType[rating] (column TypedName[item: long])
23:47:05.209 DEBUG [main] org.lenskit.data.entities.EntityCollectionBuilder: built collection of 2500 entities with type EntityType[item] and 2 indexes
23:47:05.289 DEBUG [main] org.lenskit.data.entities.EntityCollectionBuilder: built collection of 264505 entities with type EntityType[rating] and 2 indexes
23:47:05.319 DEBUG [main] org.lenskit.data.entities.EntityCollectionBuilder: built collection of 94875 entities with type EntityType[item-tag] and 2 indexes
23:47:05.320 DEBUG [main] org.lenskit.data.entities.EntityCollectionBuilder: built collection of 862 entities with type EntityType[user] and 2 indexes
23:47:43.803 DEBUG [main] org.lenskit.inject.RecommenderInstantiator: final graph has 13 nodes
23:47:43.805 INFO [main] org.lenskit.cli.util.RecommenderLoader: built recommender in 40.61 s
23:47:43.817 INFO [main] org.lenskit.cli.commands.Predict: predicting 4 items
23:47:44.092 INFO [main] org.lenskit.cli.commands.Predict: predicted for 4 items in 273.9 ms
23:47:44.092 INFO [main] org.lenskit.cli.Main: If you use LensKit in published research, please see http://lenskit.org/research/
